2025-02-09 14:53:21.733 24982-24982 SpannableStringBuilder  com...ous.ReanimatedReentrancyCheck  E  SPAN_EXCLUSIVE_EXCLUSIVE spans cannot have a zero length
2025-02-09 14:53:21.733 24982-24982 SpannableStringBuilder  com...ous.ReanimatedReentrancyCheck  E  SPAN_EXCLUSIVE_EXCLUSIVE spans cannot have a zero length
2025-02-09 14:53:21.949 24982-24982 SpannableStringBuilder  com...ous.ReanimatedReentrancyCheck  E  SPAN_EXCLUSIVE_EXCLUSIVE spans cannot have a zero length
2025-02-09 14:53:21.949 24982-24982 SpannableStringBuilder  com...ous.ReanimatedReentrancyCheck  E  SPAN_EXCLUSIVE_EXCLUSIVE spans cannot have a zero length
2025-02-09 14:53:22.220 24982-24982 SpannableStringBuilder  com...ous.ReanimatedReentrancyCheck  E  SPAN_EXCLUSIVE_EXCLUSIVE spans cannot have a zero length
2025-02-09 14:53:22.220 24982-24982 SpannableStringBuilder  com...ous.ReanimatedReentrancyCheck  E  SPAN_EXCLUSIVE_EXCLUSIVE spans cannot have a zero length
2025-02-09 14:53:22.623 24982-24982 SpannableStringBuilder  com...ous.ReanimatedReentrancyCheck  E  SPAN_EXCLUSIVE_EXCLUSIVE spans cannot have a zero length
2025-02-09 14:53:22.623 24982-24982 SpannableStringBuilder  com...ous.ReanimatedReentrancyCheck  E  SPAN_EXCLUSIVE_EXCLUSIVE spans cannot have a zero length
2025-02-09 14:53:23.346 24982-24982 SpannableStringBuilder  com...ous.ReanimatedReentrancyCheck  E  SPAN_EXCLUSIVE_EXCLUSIVE spans cannot have a zero length
2025-02-09 14:53:23.346 24982-24982 SpannableStringBuilder  com...ous.ReanimatedReentrancyCheck  E  SPAN_EXCLUSIVE_EXCLUSIVE spans cannot have a zero length
2025-02-09 14:53:24.065 24982-24982 SpannableStringBuilder  com...ous.ReanimatedReentrancyCheck  E  SPAN_EXCLUSIVE_EXCLUSIVE spans cannot have a zero length
2025-02-09 14:53:24.065 24982-24982 SpannableStringBuilder  com...ous.ReanimatedReentrancyCheck  E  SPAN_EXCLUSIVE_EXCLUSIVE spans cannot have a zero length
2025-02-09 14:53:24.939 24982-24982 SpannableStringBuilder  com...ous.ReanimatedReentrancyCheck  E  SPAN_EXCLUSIVE_EXCLUSIVE spans cannot have a zero length
2025-02-09 14:53:24.939 24982-24982 SpannableStringBuilder  com...ous.ReanimatedReentrancyCheck  E  SPAN_EXCLUSIVE_EXCLUSIVE spans cannot have a zero length
2025-02-09 14:53:25.152 24982-24982 SpannableStringBuilder  com...ous.ReanimatedReentrancyCheck  E  SPAN_EXCLUSIVE_EXCLUSIVE spans cannot have a zero length
2025-02-09 14:53:25.152 24982-24982 SpannableStringBuilder  com...ous.ReanimatedReentrancyCheck  E  SPAN_EXCLUSIVE_EXCLUSIVE spans cannot have a zero length
2025-02-09 14:53:26.072 24982-24982 SpannableStringBuilder  com...ous.ReanimatedReentrancyCheck  E  SPAN_EXCLUSIVE_EXCLUSIVE spans cannot have a zero length
2025-02-09 14:53:26.072 24982-24982 SpannableStringBuilder  com...ous.ReanimatedReentrancyCheck  E  SPAN_EXCLUSIVE_EXCLUSIVE spans cannot have a zero length
--------- beginning of crash
2025-02-09 14:53:26.307 24982-25134 libc                    com...ous.ReanimatedReentrancyCheck  A  Fatal signal 5 (SIGTRAP), code 1 (TRAP_BRKPT), fault addr 0x76bdfa55cc in tid 25134 (mqt_v_js), pid 24982 (ReentrancyCheck)
2025-02-09 14:53:26.344 24982-24982 SpannableStringBuilder  com...ous.ReanimatedReentrancyCheck  E  SPAN_EXCLUSIVE_EXCLUSIVE spans cannot have a zero length
2025-02-09 14:53:26.344 24982-24982 SpannableStringBuilder  com...ous.ReanimatedReentrancyCheck  E  SPAN_EXCLUSIVE_EXCLUSIVE spans cannot have a zero length
2025-02-09 14:53:26.348 24982-24982 SpannableStringBuilder  com...ous.ReanimatedReentrancyCheck  E  SPAN_EXCLUSIVE_EXCLUSIVE spans cannot have a zero length
2025-02-09 14:53:26.348 24982-24982 SpannableStringBuilder  com...ous.ReanimatedReentrancyCheck  E  SPAN_EXCLUSIVE_EXCLUSIVE spans cannot have a zero length
2025-02-09 14:53:26.508 24982-24982 SpannableStringBuilder  com...ous.ReanimatedReentrancyCheck  E  SPAN_EXCLUSIVE_EXCLUSIVE spans cannot have a zero length
2025-02-09 14:53:26.509 24982-24982 SpannableStringBuilder  com...ous.ReanimatedReentrancyCheck  E  SPAN_EXCLUSIVE_EXCLUSIVE spans cannot have a zero length
---------------------------- PROCESS STARTED (25191) for package com.anonymous.ReanimatedReentrancyCheck ----------------------------
2025-02-09 14:53:27.032 25188-25188 DEBUG                   crash_dump64                         A  Cmdline: com.anonymous.ReanimatedReentrancyCheck
2025-02-09 14:53:27.032 25188-25188 DEBUG                   crash_dump64                         A  pid: 24982, tid: 25134, name: mqt_v_js  >>> com.anonymous.ReanimatedReentrancyCheck <<<
2025-02-09 14:53:27.032 25188-25188 DEBUG                   crash_dump64                         A        #00 pc 00000000001775cc  /data/app/~~YvZuHCH5JJd1QnGcmSfLQw==/com.anonymous.ReanimatedReentrancyCheck-aXdQ7KDsDtGRgALKvWhQog==/base.apk!libworklets.so (offset 0x2d90000) (worklets::ReanimatedReentrancyCheck::before()+324) (BuildId: 6688667a1413363ac614418787b19654deb553af)
2025-02-09 14:53:27.033 25188-25188 DEBUG                   crash_dump64                         A        #01 pc 000000000017745c  /data/app/~~YvZuHCH5JJd1QnGcmSfLQw==/com.anonymous.ReanimatedReentrancyCheck-aXdQ7KDsDtGRgALKvWhQog==/base.apk!libworklets.so (offset 0x2d90000) (facebook::jsi::detail::BeforeCaller<worklets::ReanimatedReentrancyCheck, void>::before(worklets::ReanimatedReentrancyCheck&)+36) (BuildId: 6688667a1413363ac614418787b19654deb553af)
2025-02-09 14:53:27.033 25188-25188 DEBUG                   crash_dump64                         A        #02 pc 00000000001773b4  /data/app/~~YvZuHCH5JJd1QnGcmSfLQw==/com.anonymous.ReanimatedReentrancyCheck-aXdQ7KDsDtGRgALKvWhQog==/base.apk!libworklets.so (offset 0x2d90000) (facebook::jsi::WithRuntimeDecorator<worklets::ReanimatedReentrancyCheck, facebook::jsi::Runtime, facebook::jsi::Runtime>::Around::Around(worklets::ReanimatedReentrancyCheck&)+52) (BuildId: 6688667a1413363ac614418787b19654deb553af)
2025-02-09 14:53:27.033 25188-25188 DEBUG                   crash_dump64                         A        #03 pc 00000000001693bc  /data/app/~~YvZuHCH5JJd1QnGcmSfLQw==/com.anonymous.ReanimatedReentrancyCheck-aXdQ7KDsDtGRgALKvWhQog==/base.apk!libworklets.so (offset 0x2d90000) (facebook::jsi::WithRuntimeDecorator<worklets::ReanimatedReentrancyCheck, facebook::jsi::Runtime, facebook::jsi::Runtime>::createObject()+52) (BuildId: 6688667a1413363ac614418787b19654deb553af)
2025-02-09 14:53:27.033 25188-25188 DEBUG                   crash_dump64                         A        #04 pc 00000000000eac60  /data/app/~~YvZuHCH5JJd1QnGcmSfLQw==/com.anonymous.ReanimatedReentrancyCheck-aXdQ7KDsDtGRgALKvWhQog==/base.apk!libworklets.so (offset 0x2d90000) (facebook::jsi::Object::Object(facebook::jsi::Runtime&)+60) (BuildId: 6688667a1413363ac614418787b19654deb553af)
2025-02-09 14:53:27.033 25188-25188 DEBUG                   crash_dump64                         A        #05 pc 00000000000eaa30  /data/app/~~YvZuHCH5JJd1QnGcmSfLQw==/com.anonymous.ReanimatedReentrancyCheck-aXdQ7KDsDtGRgALKvWhQog==/base.apk!libworklets.so (offset 0x2d90000) (worklets::ShareableObject::toJSValue(facebook::jsi::Runtime&)+60) (BuildId: 6688667a1413363ac614418787b19654deb553af)
2025-02-09 14:53:27.033 25188-25188 DEBUG                   crash_dump64                         A        #06 pc 00000000000eb5e0  /data/app/~~YvZuHCH5JJd1QnGcmSfLQw==/com.anonymous.ReanimatedReentrancyCheck-aXdQ7KDsDtGRgALKvWhQog==/base.apk!libworklets.so (offset 0x2d90000) (worklets::ShareableWorklet::toJSValue(facebook::jsi::Runtime&)+180) (BuildId: 6688667a1413363ac614418787b19654deb553af)
2025-02-09 14:53:27.033 25188-25188 DEBUG                   crash_dump64                         A        #07 pc 000000000017c374  /data/app/~~YvZuHCH5JJd1QnGcmSfLQw==/com.anonymous.ReanimatedReentrancyCheck-aXdQ7KDsDtGRgALKvWhQog==/base.apk!libworklets.so (offset 0x2d90000) (facebook::jsi::Value worklets::WorkletRuntime::runGuarded<>(std::__ndk1::shared_ptr<worklets::ShareableWorklet> const&) const+92) (BuildId: 6688667a1413363ac614418787b19654deb553af)
2025-02-09 14:53:27.033 25188-25188 DEBUG                   crash_dump64                         A        #08 pc 000000000018aa2c  /data/app/~~YvZuHCH5JJd1QnGcmSfLQw==/com.anonymous.ReanimatedReentrancyCheck-aXdQ7KDsDtGRgALKvWhQog==/base.apk!libworklets.so (offset 0x2d90000) (worklets::WorkletRuntime::runAsyncGuarded(std::__ndk1::shared_ptr<worklets::ShareableWorklet> const&)::'lambda'()::operator()() const+60) (BuildId: 6688667a1413363ac614418787b19654deb553af)
2025-02-09 14:53:27.033 25188-25188 DEBUG                   crash_dump64                         A        #09 pc 000000000018a9c4  /data/app/~~YvZuHCH5JJd1QnGcmSfLQw==/com.anonymous.ReanimatedReentrancyCheck-aXdQ7KDsDtGRgALKvWhQog==/base.apk!libworklets.so (offset 0x2d90000) (BuildId: 6688667a1413363ac614418787b19654deb553af)
2025-02-09 14:53:27.033 25188-25188 DEBUG                   crash_dump64                         A        #10 pc 000000000018a91c  /data/app/~~YvZuHCH5JJd1QnGcmSfLQw==/com.anonymous.ReanimatedReentrancyCheck-aXdQ7KDsDtGRgALKvWhQog==/base.apk!libworklets.so (offset 0x2d90000) (void std::__ndk1::__invoke_void_return_wrapper<void, true>::__call<worklets::WorkletRuntime::runAsyncGuarded(std::__ndk1::shared_ptr<worklets::ShareableWorklet> const&)::'lambda'()&>(worklets::WorkletRuntime::runAsyncGuarded(std::__ndk1::shared_ptr<worklets::ShareableWorklet> const&)::'lambda'()&)+36) (BuildId: 6688667a1413363ac614418787b19654deb553af)
2025-02-09 14:53:27.033 25188-25188 DEBUG                   crash_dump64                         A        #11 pc 000000000018a8cc  /data/app/~~YvZuHCH5JJd1QnGcmSfLQw==/com.anonymous.ReanimatedReentrancyCheck-aXdQ7KDsDtGRgALKvWhQog==/base.apk!libworklets.so (offset 0x2d90000) (BuildId: 6688667a1413363ac614418787b19654deb553af)
2025-02-09 14:53:27.033 25188-25188 DEBUG                   crash_dump64                         A        #12 pc 0000000000188e68  /data/app/~~YvZuHCH5JJd1QnGcmSfLQw==/com.anonymous.ReanimatedReentrancyCheck-aXdQ7KDsDtGRgALKvWhQog==/base.apk!libworklets.so (offset 0x2d90000) (std::__ndk1::__function::__func<worklets::WorkletRuntime::runAsyncGuarded(std::__ndk1::shared_ptr<worklets::ShareableWorklet> const&)::'lambda'(), std::__ndk1::allocator<worklets::WorkletRuntime::runAsyncGuarded(std::__ndk1::shared_ptr<worklets::ShareableWorklet> const&)::'lambda'()>, void ()>::operator()()+40) (BuildId: 6688667a1413363ac614418787b19654deb553af)
2025-02-09 14:53:27.033 25188-25188 DEBUG                   crash_dump64                         A        #13 pc 0000000000112fc8  /data/app/~~YvZuHCH5JJd1QnGcmSfLQw==/com.anonymous.ReanimatedReentrancyCheck-aXdQ7KDsDtGRgALKvWhQog==/base.apk!libworklets.so (offset 0x2d90000) (BuildId: 6688667a1413363ac614418787b19654deb553af)
2025-02-09 14:53:27.033 25188-25188 DEBUG                   crash_dump64                         A        #14 pc 0000000000112938  /data/app/~~YvZuHCH5JJd1QnGcmSfLQw==/com.anonymous.ReanimatedReentrancyCheck-aXdQ7KDsDtGRgALKvWhQog==/base.apk!libworklets.so (offset 0x2d90000) (std::__ndk1::function<void ()>::operator()() const+36) (BuildId: 6688667a1413363ac614418787b19654deb553af)
2025-02-09 14:53:27.033 25188-25188 DEBUG                   crash_dump64                         A        #15 pc 0000000000112530  /data/app/~~YvZuHCH5JJd1QnGcmSfLQw==/com.anonymous.ReanimatedReentrancyCheck-aXdQ7KDsDtGRgALKvWhQog==/base.apk!libworklets.so (offset 0x2d90000) (BuildId: 6688667a1413363ac614418787b19654deb553af)
2025-02-09 14:53:27.033 25188-25188 DEBUG                   crash_dump64                         A        #16 pc 000000000011233c  /data/app/~~YvZuHCH5JJd1QnGcmSfLQw==/com.anonymous.ReanimatedReentrancyCheck-aXdQ7KDsDtGRgALKvWhQog==/base.apk!libworklets.so (offset 0x2d90000) (BuildId: 6688667a1413363ac614418787b19654deb553af)
2025-02-09 14:53:27.033 25188-25188 DEBUG                   crash_dump64                         A        #17 pc 0000000000112240  /data/app/~~YvZuHCH5JJd1QnGcmSfLQw==/com.anonymous.ReanimatedReentrancyCheck-aXdQ7KDsDtGRgALKvWhQog==/base.apk!libworklets.so (offset 0x2d90000) (BuildId: 6688667a1413363ac614418787b19654deb553af)
2025-02-09 14:53:27.033 25188-25188 DEBUG                   crash_dump64                         A        #18 pc 00000000001117ac  /data/app/~~YvZuHCH5JJd1QnGcmSfLQw==/com.anonymous.ReanimatedReentrancyCheck-aXdQ7KDsDtGRgALKvWhQog==/base.apk!libworklets.so (offset 0x2d90000) (BuildId: 6688667a1413363ac614418787b19654deb553af)
2025-02-09 14:53:27.068 24982-24982 unknown:BridgelessReact com...ous.ReanimatedReentrancyCheck  W  ReactHost{0}.onHostPause(activity)
2025-02-09 14:53:27.068 24982-24982 unknown:BridgelessReact com...ous.ReanimatedReentrancyCheck  W  ReactContext.onHostPause()
---------------------------- PROCESS ENDED (24982) for package com.anonymous.ReanimatedReentrancyCheck ----------------------------
---------------------------- PROCESS ENDED (25191) for package com.anonymous.ReanimatedReentrancyCheck ----------------------------
